C:\USERS\GILAD\DROPBOX\SHARE\GAME\DEBUG\GAME.EXE
C:\USERS\GILAD\DROPBOX\SHARE\GAME\DEBUG\GAME.ILK
C:\USERS\GILAD\DROPBOX\SHARE\GAME\DEBUG\GAME.PDB
C:\Users\Gilad\Dropbox\share\game\game\Debug\cl.command.1.tlog
C:\Users\Gilad\Dropbox\share\game\game\Debug\CL.read.1.tlog
C:\Users\Gilad\Dropbox\share\game\game\Debug\CL.write.1.tlog
C:\USERS\GILAD\DROPBOX\SHARE\GAME\GAME\DEBUG\GAME.EXE.EMBED.MANIFEST
C:\USERS\GILAD\DROPBOX\SHARE\GAME\GAME\DEBUG\GAME.EXE.EMBED.MANIFEST.RES
C:\USERS\GILAD\DROPBOX\SHARE\GAME\GAME\DEBUG\GAME.EXE.INTERMEDIATE.MANIFEST
C:\Users\Gilad\Dropbox\share\game\game\Debug\game_manifest.rc
C:\USERS\GILAD\DROPBOX\SHARE\GAME\GAME\DEBUG\GAMEBOARD.OBJ
C:\USERS\GILAD\DROPBOX\SHARE\GAME\GAME\DEBUG\GAMEMANAGER.OBJ
C:\Users\Gilad\Dropbox\share\game\game\Debug\link.5592.read.1.tlog
C:\Users\Gilad\Dropbox\share\game\game\Debug\link.5592.write.1.tlog
C:\Users\Gilad\Dropbox\share\game\game\Debug\link.5592-cvtres.read.1.tlog
C:\Users\Gilad\Dropbox\share\game\game\Debug\link.5592-cvtres.write.1.tlog
C:\Users\Gilad\Dropbox\share\game\game\Debug\link.command.1.tlog
C:\Users\Gilad\Dropbox\share\game\game\Debug\link.read.1.tlog
C:\Users\Gilad\Dropbox\share\game\game\Debug\link.write.1.tlog
C:\Users\Gilad\Dropbox\share\game\game\Debug\link-cvtres.read.1.tlog
C:\Users\Gilad\Dropbox\share\game\game\Debug\link-cvtres.write.1.tlog
C:\USERS\GILAD\DROPBOX\SHARE\GAME\GAME\DEBUG\MAIN.OBJ
C:\Users\Gilad\Dropbox\share\game\game\Debug\mt.command.1.tlog
C:\Users\Gilad\Dropbox\share\game\game\Debug\mt.read.1.tlog
C:\Users\Gilad\Dropbox\share\game\game\Debug\mt.write.1.tlog
C:\USERS\GILAD\DROPBOX\SHARE\GAME\GAME\DEBUG\PLAYER.OBJ
C:\Users\Gilad\Dropbox\share\game\game\Debug\rc.command.1.tlog
C:\Users\Gilad\Dropbox\share\game\game\Debug\rc.read.1.tlog
C:\Users\Gilad\Dropbox\share\game\game\Debug\rc.write.1.tlog
C:\USERS\GILAD\DROPBOX\SHARE\GAME\GAME\DEBUG\UTIL.OBJ
C:\Users\Gilad\Dropbox\share\game\game\Debug\vc100.idb
C:\USERS\GILAD\DROPBOX\SHARE\GAME\GAME\DEBUG\VC100.PDB
